<?xml version="1.0" encoding="UTF-8"?>
<!-- Generated by org.testng.reporters.JUnitXMLReporter -->
<testsuite ignored="0" hostname="LTIN262034" failures="0" tests="8" name="Test" time="137.542" errors="0" timestamp="2024-02-22T17:09:06 IST">
  <testcase classname="testCases.TC_001_search_bookshelves" name="search_Bookshelves" time="4.431"/>
  <testcase classname="testCases.TC_001_search_bookshelves" name="applying_filters" time="29.773"/>
  <testcase classname="testCases.TC_002_Living_Submenu" name="retrieve_submenu" time="6.464"/>
  <testcase classname="testCases.TC_003_Giftcards" name="gift_card_selection" time="12.01"/>
  <testcase classname="testCases.TC_003_Giftcards" name="set_amount_and_date" time="4.162"/>
  <testcase classname="testCases.TC_003_Giftcards" name="invalid_details" time="10.327"/>
  <testcase classname="testCases.TC_003_Giftcards" name="valid_details" time="6.911"/>
  <testcase classname="testCases.TC_003_Giftcards" name="confirm_details" time="3.903"/>
</testsuite> <!-- Test -->
