<?xml version="1.0" encoding="UTF-8"?>
<testsuite xmlns:xsi="http://www.w3.org/2001/XMLSchema-instance" xsi:noNamespaceSchemaLocation="https://maven.apache.org/surefire/maven-surefire-plugin/xsd/surefire-test-report-3.0.xsd" version="3.0" name="TestSuite" time="299.811" tests="8" errors="0" skipped="0" failures="0">
  <properties>
[...]
</properties>
  <testcase name="search_Bookshelves" classname="testCases.TC_001_search_bookshelves" time="4.78">
    <system-err><![CDATA[SLF4J: Failed to load class "org.slf4j.impl.StaticLoggerBinder".
SLF4J: Defaulting to no-operation (NOP) logger implementation
SLF4J: See http://www.slf4j.org/codes.html#StaticLoggerBinder for further details.
]]></system-err>
  </testcase>
  <testcase name="applying_filters" classname="testCases.TC_001_search_bookshelves" time="28.187">
    <system-out><![CDATA[
The product name is: Wall E Engineered Wood Kids Bookshelf In Silver Grey Colour
By Boingg! - A Happy Start
The actual price is: ₹17,600
The offer price is: ₹14,256

--------------------------------------------------------------

The product name is: Ochre Solid Wood Kids Bookshelf In Natural Colour
By X&Y
The actual price is: ₹10,500
The offer price is: ₹9,975

--------------------------------------------------------------

The product name is: Ochre Solid Wood Kids Bookshelf In Pink Colour
By X&Y
The actual price is: ₹10,500
The offer price is: ₹9,975

--------------------------------------------------------------
]]></system-out>
  </testcase>
  <testcase name="retrieve_submenu" classname="testCases.TC_002_Living_Submenu" time="5.701">
    <system-out><![CDATA[Seating and chairs: 
Lounge Chairs
Accent Chairs
Recliners
Sofa Cum Bed
UL Assured Picks
Ottomans & Stools
Bean Bags
Benches



]]></system-out>
  </testcase>
  <testcase name="gift_card_selection" classname="testCases.TC_003_Giftcards" time="10.926"/>
  <testcase name="set_amount_and_date" classname="testCases.TC_003_Giftcards" time="4.535"/>
  <testcase name="invalid_details[bob, bob#gmail.com, 8765544321, alexa, alexa@gmail.com, 9480123499, #123 california, 560045, With love from Thejus, bob@gmail.com](1)" classname="testCases.TC_003_Giftcards" time="7.389">
    <system-out><![CDATA[

Please include an '@' in the email address. 'bob#gmail.com' is missing an '@'.
]]></system-out>
  </testcase>
  <testcase name="valid_details[bob, bob#gmail.com, 8765544321, alexa, alexa@gmail.com, 9480123499, #123 california, 560045, With love from Thejus, bob@gmail.com](1)" classname="testCases.TC_003_Giftcards" time="6.914"/>
  <testcase name="confirm_details[bob, bob#gmail.com, 8765544321, alexa, alexa@gmail.com, 9480123499, #123 california, 560045, With love from Thejus, bob@gmail.com](1)" classname="testCases.TC_003_Giftcards" time="3.95"/>
</testsuite>