<?xml version="1.0" encoding="UTF-8"?>
<testng-results ignored="0" total="8" passed="8" failed="0" skipped="0">
  <reporter-output>
  </reporter-output>
  <suite started-at="2024-02-22T15:31:01 IST" name="Suite" finished-at="2024-02-22T15:35:47 IST" duration-ms="286292">
    <groups>
      <group name="sanity">
        <method signature="TC_001_search_bookshelves.search_Bookshelves()[pri:1, instance:testCases.TC_001_search_bookshelves@6c80d78a]" name="search_Bookshelves" class="testCases.TC_001_search_bookshelves"/>
        <method signature="TC_001_search_bookshelves.applying_filters()[pri:2, instance:testCases.TC_001_search_bookshelves@6c80d78a]" name="applying_filters" class="testCases.TC_001_search_bookshelves"/>
        <method signature="TC_002_Living_Submenu.retrieve_submenu()[pri:3, instance:testCases.TC_002_Living_Submenu@8dbdac1]" name="retrieve_submenu" class="testCases.TC_002_Living_Submenu"/>
        <method signature="TC_003_Giftcards.gift_card_selection()[pri:4, instance:testCases.TC_003_Giftcards@6e20b53a]" name="gift_card_selection" class="testCases.TC_003_Giftcards"/>
        <method signature="TC_003_Giftcards.set_amount_and_date()[pri:5, instance:testCases.TC_003_Giftcards@6e20b53a]" name="set_amount_and_date" class="testCases.TC_003_Giftcards"/>
        <method signature="TC_003_Giftcards.invalid_details(java.lang.String,java.lang.String,java.lang.String,java.lang.String,java.lang.String,java.lang.String,java.lang.String,java.lang.String,java.lang.String,java.lang.String)[pri:6, instance:testCases.TC_003_Giftcards@6e20b53a]" name="invalid_details" class="testCases.TC_003_Giftcards"/>
        <method signature="TC_003_Giftcards.valid_details(java.lang.String,java.lang.String,java.lang.String,java.lang.String,java.lang.String,java.lang.String,java.lang.String,java.lang.String,java.lang.String,java.lang.String)[pri:7, instance:testCases.TC_003_Giftcards@6e20b53a]" name="valid_details" class="testCases.TC_003_Giftcards"/>
        <method signature="TC_003_Giftcards.confirm_details(java.lang.String,java.lang.String,java.lang.String,java.lang.String,java.lang.String,java.lang.String,java.lang.String,java.lang.String,java.lang.String,java.lang.String)[pri:8, instance:testCases.TC_003_Giftcards@6e20b53a]" name="confirm_details" class="testCases.TC_003_Giftcards"/>
      </group> <!-- sanity -->
    </groups>
    <test started-at="2024-02-22T15:31:01 IST" name="Test" finished-at="2024-02-22T15:35:47 IST" duration-ms="286292">
      <class name="testCases.TC_001_search_bookshelves">
        <test-method is-config="true" signature="setup(java.lang.String,java.lang.String)[pri:0, instance:testCases.TC_001_search_bookshelves@6c80d78a]" started-at="2024-02-22T15:31:02 IST" name="setup" finished-at="2024-02-22T15:32:13 IST" duration-ms="71101" status="PASS">
          <params>
            <param index="0">
              <value>
                <![CDATA[Windows]]>
              </value>
            </param>
            <param index="1">
              <value>
                <![CDATA[chrome]]>
              </value>
            </param>
          </params>
          <reporter-output>
          </reporter-output>
        </test-method> <!-- setup -->
        <test-method signature="search_Bookshelves()[pri:1, instance:testCases.TC_001_search_bookshelves@6c80d78a]" started-at="2024-02-22T15:32:13 IST" name="search_Bookshelves" finished-at="2024-02-22T15:32:17 IST" duration-ms="4204" status="PASS">
          <reporter-output>
          </reporter-output>
        </test-method> <!-- search_Bookshelves -->
        <test-method signature="applying_filters()[pri:2, instance:testCases.TC_001_search_bookshelves@6c80d78a]" started-at="2024-02-22T15:32:18 IST" name="applying_filters" finished-at="2024-02-22T15:32:45 IST" duration-ms="27772" status="PASS">
          <reporter-output>
          </reporter-output>
        </test-method> <!-- applying_filters -->
        <test-method is-config="true" signature="tearDown()[pri:0, instance:testCases.TC_001_search_bookshelves@6c80d78a]" started-at="2024-02-22T15:32:46 IST" name="tearDown" finished-at="2024-02-22T15:32:47 IST" duration-ms="1335" status="PASS">
          <reporter-output>
          </reporter-output>
        </test-method> <!-- tearDown -->
      </class> <!-- testCases.TC_001_search_bookshelves -->
      <class name="testCases.TC_002_Living_Submenu">
        <test-method is-config="true" signature="setup(java.lang.String,java.lang.String)[pri:0, instance:testCases.TC_002_Living_Submenu@8dbdac1]" started-at="2024-02-22T15:32:47 IST" name="setup" finished-at="2024-02-22T15:33:56 IST" duration-ms="69001" status="PASS">
          <params>
            <param index="0">
              <value>
                <![CDATA[Windows]]>
              </value>
            </param>
            <param index="1">
              <value>
                <![CDATA[chrome]]>
              </value>
            </param>
          </params>
          <reporter-output>
          </reporter-output>
        </test-method> <!-- setup -->
        <test-method signature="retrieve_submenu()[pri:3, instance:testCases.TC_002_Living_Submenu@8dbdac1]" started-at="2024-02-22T15:33:56 IST" name="retrieve_submenu" finished-at="2024-02-22T15:34:01 IST" duration-ms="5137" status="PASS">
          <reporter-output>
          </reporter-output>
        </test-method> <!-- retrieve_submenu -->
        <test-method is-config="true" signature="tearDown()[pri:0, instance:testCases.TC_002_Living_Submenu@8dbdac1]" started-at="2024-02-22T15:34:02 IST" name="tearDown" finished-at="2024-02-22T15:34:04 IST" duration-ms="1710" status="PASS">
          <reporter-output>
          </reporter-output>
        </test-method> <!-- tearDown -->
      </class> <!-- testCases.TC_002_Living_Submenu -->
      <class name="testCases.TC_003_Giftcards">
        <test-method is-config="true" signature="setup(java.lang.String,java.lang.String)[pri:0, instance:testCases.TC_003_Giftcards@6e20b53a]" started-at="2024-02-22T15:34:04 IST" name="setup" finished-at="2024-02-22T15:35:09 IST" duration-ms="64880" status="PASS">
          <params>
            <param index="0">
              <value>
                <![CDATA[Windows]]>
              </value>
            </param>
            <param index="1">
              <value>
                <![CDATA[chrome]]>
              </value>
            </param>
          </params>
          <reporter-output>
          </reporter-output>
        </test-method> <!-- setup -->
        <test-method signature="gift_card_selection()[pri:4, instance:testCases.TC_003_Giftcards@6e20b53a]" started-at="2024-02-22T15:35:09 IST" name="gift_card_selection" finished-at="2024-02-22T15:35:19 IST" duration-ms="10521" status="PASS">
          <reporter-output>
          </reporter-output>
        </test-method> <!-- gift_card_selection -->
        <test-method signature="set_amount_and_date()[pri:5, instance:testCases.TC_003_Giftcards@6e20b53a]" started-at="2024-02-22T15:35:19 IST" name="set_amount_and_date" finished-at="2024-02-22T15:35:24 IST" duration-ms="4203" status="PASS">
          <reporter-output>
          </reporter-output>
        </test-method> <!-- set_amount_and_date -->
        <test-method signature="invalid_details(java.lang.String,java.lang.String,java.lang.String,java.lang.String,java.lang.String,java.lang.String,java.lang.String,java.lang.String,java.lang.String,java.lang.String)[pri:6, instance:testCases.TC_003_Giftcards@6e20b53a]" started-at="2024-02-22T15:35:27 IST" name="invalid_details" data-provider="dp" finished-at="2024-02-22T15:35:34 IST" duration-ms="6985" status="PASS">
          <params>
            <param index="0">
              <value>
                <![CDATA[bob]]>
              </value>
            </param>
            <param index="1">
              <value>
                <![CDATA[bob#gmail.com]]>
              </value>
            </param>
            <param index="2">
              <value>
                <![CDATA[8765544321]]>
              </value>
            </param>
            <param index="3">
              <value>
                <![CDATA[alexa]]>
              </value>
            </param>
            <param index="4">
              <value>
                <![CDATA[alexa@gmail.com]]>
              </value>
            </param>
            <param index="5">
              <value>
                <![CDATA[9480123499]]>
              </value>
            </param>
            <param index="6">
              <value>
                <![CDATA[#123 california]]>
              </value>
            </param>
            <param index="7">
              <value>
                <![CDATA[560045]]>
              </value>
            </param>
            <param index="8">
              <value>
                <![CDATA[With love from Thejus]]>
              </value>
            </param>
            <param index="9">
              <value>
                <![CDATA[bob@gmail.com]]>
              </value>
            </param>
          </params>
          <reporter-output>
          </reporter-output>
        </test-method> <!-- invalid_details -->
        <test-method signature="valid_details(java.lang.String,java.lang.String,java.lang.String,java.lang.String,java.lang.String,java.lang.String,java.lang.String,java.lang.String,java.lang.String,java.lang.String)[pri:7, instance:testCases.TC_003_Giftcards@6e20b53a]" started-at="2024-02-22T15:35:35 IST" name="valid_details" data-provider="dp" finished-at="2024-02-22T15:35:41 IST" duration-ms="6648" status="PASS">
          <params>
            <param index="0">
              <value>
                <![CDATA[bob]]>
              </value>
            </param>
            <param index="1">
              <value>
                <![CDATA[bob#gmail.com]]>
              </value>
            </param>
            <param index="2">
              <value>
                <![CDATA[8765544321]]>
              </value>
            </param>
            <param index="3">
              <value>
                <![CDATA[alexa]]>
              </value>
            </param>
            <param index="4">
              <value>
                <![CDATA[alexa@gmail.com]]>
              </value>
            </param>
            <param index="5">
              <value>
                <![CDATA[9480123499]]>
              </value>
            </param>
            <param index="6">
              <value>
                <![CDATA[#123 california]]>
              </value>
            </param>
            <param index="7">
              <value>
                <![CDATA[560045]]>
              </value>
            </param>
            <param index="8">
              <value>
                <![CDATA[With love from Thejus]]>
              </value>
            </param>
            <param index="9">
              <value>
                <![CDATA[bob@gmail.com]]>
              </value>
            </param>
          </params>
          <reporter-output>
          </reporter-output>
        </test-method> <!-- valid_details -->
        <test-method signature="confirm_details(java.lang.String,java.lang.String,java.lang.String,java.lang.String,java.lang.String,java.lang.String,java.lang.String,java.lang.String,java.lang.String,java.lang.String)[pri:8, instance:testCases.TC_003_Giftcards@6e20b53a]" started-at="2024-02-22T15:35:42 IST" name="confirm_details" data-provider="dp" finished-at="2024-02-22T15:35:45 IST" duration-ms="3292" status="PASS">
          <params>
            <param index="0">
              <value>
                <![CDATA[bob]]>
              </value>
            </param>
            <param index="1">
              <value>
                <![CDATA[bob#gmail.com]]>
              </value>
            </param>
            <param index="2">
              <value>
                <![CDATA[8765544321]]>
              </value>
            </param>
            <param index="3">
              <value>
                <![CDATA[alexa]]>
              </value>
            </param>
            <param index="4">
              <value>
                <![CDATA[alexa@gmail.com]]>
              </value>
            </param>
            <param index="5">
              <value>
                <![CDATA[9480123499]]>
              </value>
            </param>
            <param index="6">
              <value>
                <![CDATA[#123 california]]>
              </value>
            </param>
            <param index="7">
              <value>
                <![CDATA[560045]]>
              </value>
            </param>
            <param index="8">
              <value>
                <![CDATA[With love from Thejus]]>
              </value>
            </param>
            <param index="9">
              <value>
                <![CDATA[bob@gmail.com]]>
              </value>
            </param>
          </params>
          <reporter-output>
          </reporter-output>
        </test-method> <!-- confirm_details -->
        <test-method is-config="true" signature="tearDown()[pri:0, instance:testCases.TC_003_Giftcards@6e20b53a]" started-at="2024-02-22T15:35:46 IST" name="tearDown" finished-at="2024-02-22T15:35:47 IST" duration-ms="1371" status="PASS">
          <reporter-output>
          </reporter-output>
        </test-method> <!-- tearDown -->
      </class> <!-- testCases.TC_003_Giftcards -->
    </test> <!-- Test -->
  </suite> <!-- Suite -->
</testng-results>
